<?xml version="1.0" encoding="UTF-8"?>
<!-- Generated by org.testng.reporters.JUnitReportReporter -->
<testsuite hostname="LAPTOP-ATU9KBGA" failures="0" tests="1" name="RoyalBrother.Rentalbike" time="97.936" errors="0" timestamp="2024-10-06T21:35:30 IST" skipped="0">
  <testcase classname="RoyalBrother.Rentalbike" name="RoyalBike" time="97.936"/>
</testsuite> <!-- RoyalBrother.Rentalbike -->
